<?xml version="1.0" encoding="UTF-8"?>
<testsuite xmlns:xsi="http://www.w3.org/2001/XMLSchema-instance" xsi:noNamespaceSchemaLocation="https://maven.apache.org/surefire/maven-surefire-plugin/xsd/surefire-test-report-3.0.xsd" version="3.0" name="com.RentaKar.rentakar.RentakarApplicationTests" time="1.913" tests="1" errors="0" skipped="0" failures="0">
  <properties>
    <property name="java.specification.version" value="18"/>
    <property name="sun.jnu.encoding" value="UTF-8"/>
    <property name="java.class.path" value="/home/rodolphe-delory/rentakar/target/test-classes:/home/rodolphe-delory/rentakar/target/classes:/home/rodolphe-delory/.m2/repository/org/springframework/boot/spring-boot-starter-web/3.3.5/spring-boot-starter-web-3.3.5.jar:/home/rodolphe-delory/.m2/repository/org/springframework/boot/spring-boot-starter/3.3.5/spring-boot-starter-3.3.5.jar:/home/rodolphe-delory/.m2/repository/org/springframework/boot/spring-boot/3.3.5/spring-boot-3.3.5.jar:/home/rodolphe-delory/.m2/repository/org/springframework/boot/spring-boot-autoconfigure/3.3.5/spring-boot-autoconfigure-3.3.5.jar:/home/rodolphe-delory/.m2/repository/org/springframework/boot/spring-boot-starter-logging/3.3.5/spring-boot-starter-logging-3.3.5.jar:/home/rodolphe-delory/.m2/repository/ch/qos/logback/logback-classic/1.5.11/logback-classic-1.5.11.jar:/home/rodolphe-delory/.m2/repository/ch/qos/logback/logback-core/1.5.11/logback-core-1.5.11.jar:/home/rodolphe-delory/.m2/repository/org/apache/logging/log4j/log4j-to-slf4j/2.23.1/log4j-to-slf4j-2.23.1.jar:/home/rodolphe-delory/.m2/repository/org/apache/logging/log4j/log4j-api/2.23.1/log4j-api-2.23.1.jar:/home/rodolphe-delory/.m2/repository/org/slf4j/jul-to-slf4j/2.0.16/jul-to-slf4j-2.0.16.jar:/home/rodolphe-delory/.m2/repository/jakarta/annotation/jakarta.annotation-api/2.1.1/jakarta.annotation-api-2.1.1.jar:/home/rodolphe-delory/.m2/repository/org/yaml/snakeyaml/2.2/snakeyaml-2.2.jar:/home/rodolphe-delory/.m2/repository/org/springframework/boot/spring-boot-starter-json/3.3.5/spring-boot-starter-json-3.3.5.jar:/home/rodolphe-delory/.m2/repository/com/fasterxml/jackson/core/jackson-databind/2.17.2/jackson-databind-2.17.2.jar:/home/rodolphe-delory/.m2/repository/com/fasterxml/jackson/core/jackson-annotations/2.17.2/jackson-annotations-2.17.2.jar:/home/rodolphe-delory/.m2/repository/com/fasterxml/jackson/core/jackson-core/2.17.2/jackson-core-2.17.2.jar:/home/rodolphe-delory/.m2/repository/com/fasterxml/jackson/datatype/jackson-datatype-jdk8/2.17.2/jackson-datatype-jdk8-2.17.2.jar:/home/rodolphe-delory/.m2/repository/com/fasterxml/jackson/datatype/jackson-datatype-jsr310/2.17.2/jackson-datatype-jsr310-2.17.2.jar:/home/rodolphe-delory/.m2/repository/com/fasterxml/jackson/module/jackson-module-parameter-names/2.17.2/jackson-module-parameter-names-2.17.2.jar:/home/rodolphe-delory/.m2/repository/org/springframework/boot/spring-boot-starter-tomcat/3.3.5/spring-boot-starter-tomcat-3.3.5.jar:/home/rodolphe-delory/.m2/repository/org/apache/tomcat/embed/tomcat-embed-core/10.1.31/tomcat-embed-core-10.1.31.jar:/home/rodolphe-delory/.m2/repository/org/apache/tomcat/embed/tomcat-embed-el/10.1.31/tomcat-embed-el-10.1.31.jar:/home/rodolphe-delory/.m2/repository/org/apache/tomcat/embed/tomcat-embed-websocket/10.1.31/tomcat-embed-websocket-10.1.31.jar:/home/rodolphe-delory/.m2/repository/org/springframework/spring-web/6.1.14/spring-web-6.1.14.jar:/home/rodolphe-delory/.m2/repository/org/springframework/spring-beans/6.1.14/spring-beans-6.1.14.jar:/home/rodolphe-delory/.m2/repository/io/micrometer/micrometer-observation/1.13.6/micrometer-observation-1.13.6.jar:/home/rodolphe-delory/.m2/repository/io/micrometer/micrometer-commons/1.13.6/micrometer-commons-1.13.6.jar:/home/rodolphe-delory/.m2/repository/org/springframework/spring-webmvc/6.1.14/spring-webmvc-6.1.14.jar:/home/rodolphe-delory/.m2/repository/org/springframework/spring-aop/6.1.14/spring-aop-6.1.14.jar:/home/rodolphe-delory/.m2/repository/org/springframework/spring-context/6.1.14/spring-context-6.1.14.jar:/home/rodolphe-delory/.m2/repository/org/springframework/spring-expression/6.1.14/spring-expression-6.1.14.jar:/home/rodolphe-delory/.m2/repository/org/springframework/boot/spring-boot-starter-test/3.3.5/spring-boot-starter-test-3.3.5.jar:/home/rodolphe-delory/.m2/repository/org/springframework/boot/spring-boot-test/3.3.5/spring-boot-test-3.3.5.jar:/home/rodolphe-delory/.m2/repository/org/springframework/boot/spring-boot-test-autoconfigure/3.3.5/spring-boot-test-autoconfigure-3.3.5.jar:/home/rodolphe-delory/.m2/repository/com/jayway/jsonpath/json-path/2.9.0/json-path-2.9.0.jar:/home/rodolphe-delory/.m2/repository/org/slf4j/slf4j-api/2.0.16/slf4j-api-2.0.16.jar:/home/rodolphe-delory/.m2/repository/jakarta/xml/bind/jakarta.xml.bind-api/4.0.2/jakarta.xml.bind-api-4.0.2.jar:/home/rodolphe-delory/.m2/repository/jakarta/activation/jakarta.activation-api/2.1.3/jakarta.activation-api-2.1.3.jar:/home/rodolphe-delory/.m2/repository/net/minidev/json-smart/2.5.1/json-smart-2.5.1.jar:/home/rodolphe-delory/.m2/repository/net/minidev/accessors-smart/2.5.1/accessors-smart-2.5.1.jar:/home/rodolphe-delory/.m2/repository/org/ow2/asm/asm/9.6/asm-9.6.jar:/home/rodolphe-delory/.m2/repository/org/assertj/assertj-core/3.25.3/assertj-core-3.25.3.jar:/home/rodolphe-delory/.m2/repository/net/bytebuddy/byte-buddy/1.14.19/byte-buddy-1.14.19.jar:/home/rodolphe-delory/.m2/repository/org/awaitility/awaitility/4.2.2/awaitility-4.2.2.jar:/home/rodolphe-delory/.m2/repository/org/hamcrest/hamcrest/2.2/hamcrest-2.2.jar:/home/rodolphe-delory/.m2/repository/org/junit/jupiter/junit-jupiter/5.10.5/junit-jupiter-5.10.5.jar:/home/rodolphe-delory/.m2/repository/org/junit/jupiter/junit-jupiter-api/5.10.5/junit-jupiter-api-5.10.5.jar:/home/rodolphe-delory/.m2/repository/org/opentest4j/opentest4j/1.3.0/opentest4j-1.3.0.jar:/home/rodolphe-delory/.m2/repository/org/junit/platform/junit-platform-commons/1.10.5/junit-platform-commons-1.10.5.jar:/home/rodolphe-delory/.m2/repository/org/apiguardian/apiguardian-api/1.1.2/apiguardian-api-1.1.2.jar:/home/rodolphe-delory/.m2/repository/org/junit/jupiter/junit-jupiter-params/5.10.5/junit-jupiter-params-5.10.5.jar:/home/rodolphe-delory/.m2/repository/org/junit/jupiter/junit-jupiter-engine/5.10.5/junit-jupiter-engine-5.10.5.jar:/home/rodolphe-delory/.m2/repository/org/junit/platform/junit-platform-engine/1.10.5/junit-platform-engine-1.10.5.jar:/home/rodolphe-delory/.m2/repository/org/mockito/mockito-core/5.11.0/mockito-core-5.11.0.jar:/home/rodolphe-delory/.m2/repository/net/bytebuddy/byte-buddy-agent/1.14.19/byte-buddy-agent-1.14.19.jar:/home/rodolphe-delory/.m2/repository/org/objenesis/objenesis/3.3/objenesis-3.3.jar:/home/rodolphe-delory/.m2/repository/org/mockito/mockito-junit-jupiter/5.11.0/mockito-junit-jupiter-5.11.0.jar:/home/rodolphe-delory/.m2/repository/org/skyscreamer/jsonassert/1.5.3/jsonassert-1.5.3.jar:/home/rodolphe-delory/.m2/repository/com/vaadin/external/google/android-json/0.0.20131108.vaadin1/android-json-0.0.20131108.vaadin1.jar:/home/rodolphe-delory/.m2/repository/org/springframework/spring-core/6.1.14/spring-core-6.1.14.jar:/home/rodolphe-delory/.m2/repository/org/springframework/spring-jcl/6.1.14/spring-jcl-6.1.14.jar:/home/rodolphe-delory/.m2/repository/org/springframework/spring-test/6.1.14/spring-test-6.1.14.jar:/home/rodolphe-delory/.m2/repository/org/xmlunit/xmlunit-core/2.9.1/xmlunit-core-2.9.1.jar:"/>
    <property name="java.vm.vendor" value="Amazon.com Inc."/>
    <property name="sun.arch.data.model" value="64"/>
    <property name="java.vendor.url" value="https://aws.amazon.com/corretto/"/>
    <property name="user.timezone" value="Europe/Paris"/>
    <property name="os.name" value="Linux"/>
    <property name="java.vm.specification.version" value="18"/>
    <property name="sun.java.launcher" value="SUN_STANDARD"/>
    <property name="user.country" value="FR"/>
    <property name="sun.boot.library.path" value="/home/rodolphe-delory/.jdks/corretto-18.0.2/lib"/>
    <property name="sun.java.command" value="/home/rodolphe-delory/rentakar/target/surefire/surefirebooter-20241025113727577_3.jar /home/rodolphe-delory/rentakar/target/surefire 2024-10-25T11-37-26_695-jvmRun1 surefire-20241025113727577_1tmp surefire_0-20241025113727577_2tmp"/>
    <property name="jdk.debug" value="release"/>
    <property name="surefire.test.class.path" value="/home/rodolphe-delory/rentakar/target/test-classes:/home/rodolphe-delory/rentakar/target/classes:/home/rodolphe-delory/.m2/repository/org/springframework/boot/spring-boot-starter-web/3.3.5/spring-boot-starter-web-3.3.5.jar:/home/rodolphe-delory/.m2/repository/org/springframework/boot/spring-boot-starter/3.3.5/spring-boot-starter-3.3.5.jar:/home/rodolphe-delory/.m2/repository/org/springframework/boot/spring-boot/3.3.5/spring-boot-3.3.5.jar:/home/rodolphe-delory/.m2/repository/org/springframework/boot/spring-boot-autoconfigure/3.3.5/spring-boot-autoconfigure-3.3.5.jar:/home/rodolphe-delory/.m2/repository/org/springframework/boot/spring-boot-starter-logging/3.3.5/spring-boot-starter-logging-3.3.5.jar:/home/rodolphe-delory/.m2/repository/ch/qos/logback/logback-classic/1.5.11/logback-classic-1.5.11.jar:/home/rodolphe-delory/.m2/repository/ch/qos/logback/logback-core/1.5.11/logback-core-1.5.11.jar:/home/rodolphe-delory/.m2/repository/org/apache/logging/log4j/log4j-to-slf4j/2.23.1/log4j-to-slf4j-2.23.1.jar:/home/rodolphe-delory/.m2/repository/org/apache/logging/log4j/log4j-api/2.23.1/log4j-api-2.23.1.jar:/home/rodolphe-delory/.m2/repository/org/slf4j/jul-to-slf4j/2.0.16/jul-to-slf4j-2.0.16.jar:/home/rodolphe-delory/.m2/repository/jakarta/annotation/jakarta.annotation-api/2.1.1/jakarta.annotation-api-2.1.1.jar:/home/rodolphe-delory/.m2/repository/org/yaml/snakeyaml/2.2/snakeyaml-2.2.jar:/home/rodolphe-delory/.m2/repository/org/springframework/boot/spring-boot-starter-json/3.3.5/spring-boot-starter-json-3.3.5.jar:/home/rodolphe-delory/.m2/repository/com/fasterxml/jackson/core/jackson-databind/2.17.2/jackson-databind-2.17.2.jar:/home/rodolphe-delory/.m2/repository/com/fasterxml/jackson/core/jackson-annotations/2.17.2/jackson-annotations-2.17.2.jar:/home/rodolphe-delory/.m2/repository/com/fasterxml/jackson/core/jackson-core/2.17.2/jackson-core-2.17.2.jar:/home/rodolphe-delory/.m2/repository/com/fasterxml/jackson/datatype/jackson-datatype-jdk8/2.17.2/jackson-datatype-jdk8-2.17.2.jar:/home/rodolphe-delory/.m2/repository/com/fasterxml/jackson/datatype/jackson-datatype-jsr310/2.17.2/jackson-datatype-jsr310-2.17.2.jar:/home/rodolphe-delory/.m2/repository/com/fasterxml/jackson/module/jackson-module-parameter-names/2.17.2/jackson-module-parameter-names-2.17.2.jar:/home/rodolphe-delory/.m2/repository/org/springframework/boot/spring-boot-starter-tomcat/3.3.5/spring-boot-starter-tomcat-3.3.5.jar:/home/rodolphe-delory/.m2/repository/org/apache/tomcat/embed/tomcat-embed-core/10.1.31/tomcat-embed-core-10.1.31.jar:/home/rodolphe-delory/.m2/repository/org/apache/tomcat/embed/tomcat-embed-el/10.1.31/tomcat-embed-el-10.1.31.jar:/home/rodolphe-delory/.m2/repository/org/apache/tomcat/embed/tomcat-embed-websocket/10.1.31/tomcat-embed-websocket-10.1.31.jar:/home/rodolphe-delory/.m2/repository/org/springframework/spring-web/6.1.14/spring-web-6.1.14.jar:/home/rodolphe-delory/.m2/repository/org/springframework/spring-beans/6.1.14/spring-beans-6.1.14.jar:/home/rodolphe-delory/.m2/repository/io/micrometer/micrometer-observation/1.13.6/micrometer-observation-1.13.6.jar:/home/rodolphe-delory/.m2/repository/io/micrometer/micrometer-commons/1.13.6/micrometer-commons-1.13.6.jar:/home/rodolphe-delory/.m2/repository/org/springframework/spring-webmvc/6.1.14/spring-webmvc-6.1.14.jar:/home/rodolphe-delory/.m2/repository/org/springframework/spring-aop/6.1.14/spring-aop-6.1.14.jar:/home/rodolphe-delory/.m2/repository/org/springframework/spring-context/6.1.14/spring-context-6.1.14.jar:/home/rodolphe-delory/.m2/repository/org/springframework/spring-expression/6.1.14/spring-expression-6.1.14.jar:/home/rodolphe-delory/.m2/repository/org/springframework/boot/spring-boot-starter-test/3.3.5/spring-boot-starter-test-3.3.5.jar:/home/rodolphe-delory/.m2/repository/org/springframework/boot/spring-boot-test/3.3.5/spring-boot-test-3.3.5.jar:/home/rodolphe-delory/.m2/repository/org/springframework/boot/spring-boot-test-autoconfigure/3.3.5/spring-boot-test-autoconfigure-3.3.5.jar:/home/rodolphe-delory/.m2/repository/com/jayway/jsonpath/json-path/2.9.0/json-path-2.9.0.jar:/home/rodolphe-delory/.m2/repository/org/slf4j/slf4j-api/2.0.16/slf4j-api-2.0.16.jar:/home/rodolphe-delory/.m2/repository/jakarta/xml/bind/jakarta.xml.bind-api/4.0.2/jakarta.xml.bind-api-4.0.2.jar:/home/rodolphe-delory/.m2/repository/jakarta/activation/jakarta.activation-api/2.1.3/jakarta.activation-api-2.1.3.jar:/home/rodolphe-delory/.m2/repository/net/minidev/json-smart/2.5.1/json-smart-2.5.1.jar:/home/rodolphe-delory/.m2/repository/net/minidev/accessors-smart/2.5.1/accessors-smart-2.5.1.jar:/home/rodolphe-delory/.m2/repository/org/ow2/asm/asm/9.6/asm-9.6.jar:/home/rodolphe-delory/.m2/repository/org/assertj/assertj-core/3.25.3/assertj-core-3.25.3.jar:/home/rodolphe-delory/.m2/repository/net/bytebuddy/byte-buddy/1.14.19/byte-buddy-1.14.19.jar:/home/rodolphe-delory/.m2/repository/org/awaitility/awaitility/4.2.2/awaitility-4.2.2.jar:/home/rodolphe-delory/.m2/repository/org/hamcrest/hamcrest/2.2/hamcrest-2.2.jar:/home/rodolphe-delory/.m2/repository/org/junit/jupiter/junit-jupiter/5.10.5/junit-jupiter-5.10.5.jar:/home/rodolphe-delory/.m2/repository/org/junit/jupiter/junit-jupiter-api/5.10.5/junit-jupiter-api-5.10.5.jar:/home/rodolphe-delory/.m2/repository/org/opentest4j/opentest4j/1.3.0/opentest4j-1.3.0.jar:/home/rodolphe-delory/.m2/repository/org/junit/platform/junit-platform-commons/1.10.5/junit-platform-commons-1.10.5.jar:/home/rodolphe-delory/.m2/repository/org/apiguardian/apiguardian-api/1.1.2/apiguardian-api-1.1.2.jar:/home/rodolphe-delory/.m2/repository/org/junit/jupiter/junit-jupiter-params/5.10.5/junit-jupiter-params-5.10.5.jar:/home/rodolphe-delory/.m2/repository/org/junit/jupiter/junit-jupiter-engine/5.10.5/junit-jupiter-engine-5.10.5.jar:/home/rodolphe-delory/.m2/repository/org/junit/platform/junit-platform-engine/1.10.5/junit-platform-engine-1.10.5.jar:/home/rodolphe-delory/.m2/repository/org/mockito/mockito-core/5.11.0/mockito-core-5.11.0.jar:/home/rodolphe-delory/.m2/repository/net/bytebuddy/byte-buddy-agent/1.14.19/byte-buddy-agent-1.14.19.jar:/home/rodolphe-delory/.m2/repository/org/objenesis/objenesis/3.3/objenesis-3.3.jar:/home/rodolphe-delory/.m2/repository/org/mockito/mockito-junit-jupiter/5.11.0/mockito-junit-jupiter-5.11.0.jar:/home/rodolphe-delory/.m2/repository/org/skyscreamer/jsonassert/1.5.3/jsonassert-1.5.3.jar:/home/rodolphe-delory/.m2/repository/com/vaadin/external/google/android-json/0.0.20131108.vaadin1/android-json-0.0.20131108.vaadin1.jar:/home/rodolphe-delory/.m2/repository/org/springframework/spring-core/6.1.14/spring-core-6.1.14.jar:/home/rodolphe-delory/.m2/repository/org/springframework/spring-jcl/6.1.14/spring-jcl-6.1.14.jar:/home/rodolphe-delory/.m2/repository/org/springframework/spring-test/6.1.14/spring-test-6.1.14.jar:/home/rodolphe-delory/.m2/repository/org/xmlunit/xmlunit-core/2.9.1/xmlunit-core-2.9.1.jar:"/>
    <property name="sun.cpu.endian" value="little"/>
    <property name="user.home" value="/home/rodolphe-delory"/>
    <property name="user.language" value="fr"/>
    <property name="java.specification.vendor" value="Oracle Corporation"/>
    <property name="java.version.date" value="2022-07-19"/>
    <property name="java.home" value="/home/rodolphe-delory/.jdks/corretto-18.0.2"/>
    <property name="file.separator" value="/"/>
    <property name="basedir" value="/home/rodolphe-delory/rentakar"/>
    <property name="java.vm.compressedOopsMode" value="Zero based"/>
    <property name="line.separator" value="&#10;"/>
    <property name="java.specification.name" value="Java Platform API Specification"/>
    <property name="java.vm.specification.vendor" value="Oracle Corporation"/>
    <property name="FILE_LOG_CHARSET" value="UTF-8"/>
    <property name="java.awt.headless" value="true"/>
    <property name="surefire.real.class.path" value="/home/rodolphe-delory/rentakar/target/surefire/surefirebooter-20241025113727577_3.jar"/>
    <property name="sun.management.compiler" value="HotSpot 64-Bit Tiered Compilers"/>
    <property name="java.runtime.version" value="18.0.2+9-FR"/>
    <property name="user.name" value="rodolphe-delory"/>
    <property name="path.separator" value=":"/>
    <property name="os.version" value="6.8.0-47-generic"/>
    <property name="java.runtime.name" value="OpenJDK Runtime Environment"/>
    <property name="file.encoding" value="UTF-8"/>
    <property name="java.vm.name" value="OpenJDK 64-Bit Server VM"/>
    <property name="java.vendor.version" value="Corretto-18.0.2.9.1"/>
    <property name="localRepository" value="/home/rodolphe-delory/.m2/repository"/>
    <property name="java.vendor.url.bug" value="https://github.com/corretto/corretto-18/issues/"/>
    <property name="java.io.tmpdir" value="/tmp"/>
    <property name="idea.version" value="2024.2.4"/>
    <property name="java.version" value="18.0.2"/>
    <property name="user.dir" value="/home/rodolphe-delory/rentakar"/>
    <property name="os.arch" value="amd64"/>
    <property name="java.vm.specification.name" value="Java Virtual Machine Specification"/>
    <property name="PID" value="58467"/>
    <property name="CONSOLE_LOG_CHARSET" value="UTF-8"/>
    <property name="native.encoding" value="UTF-8"/>
    <property name="java.library.path" value="/usr/java/packages/lib:/usr/lib64:/lib64:/lib:/usr/lib"/>
    <property name="java.vm.info" value="mixed mode, sharing"/>
    <property name="java.vendor" value="Amazon.com Inc."/>
    <property name="java.vm.version" value="18.0.2+9-FR"/>
    <property name="sun.io.unicode.encoding" value="UnicodeLittle"/>
    <property name="java.class.version" value="62.0"/>
    <property name="LOGGED_APPLICATION_NAME" value="[rentakar] "/>
  </properties>
  <testcase name="contextLoads" classname="com.RentaKar.rentakar.RentakarApplicationTests" time="0.591">
    <system-out><![CDATA[11:37:28.096 [main] INFO org.springframework.test.context.support.AnnotationConfigContextLoaderUtils -- Could not detect default configuration classes for test class [com.RentaKar.rentakar.RentakarApplicationTests]: RentakarApplicationTests does not declare any static, non-private, non-final, nested classes annotated with @Configuration.
11:37:28.161 [main] INFO org.springframework.boot.test.context.SpringBootTestContextBootstrapper -- Found @SpringBootConfiguration com.RentaKar.rentakar.RentakarApplication for test class com.RentaKar.rentakar.RentakarApplicationTests

  .   ____          _            __ _ _
 /\\ / ___'_ __ _ _(_)_ __  __ _ \ \ \ \
( ( )\___ | '_ | '_| | '_ \/ _` | \ \ \ \
 \\/  ___)| |_)| | | | | || (_| |  ) ) ) )
  '  |____| .__|_| |_|_| |_\__, | / / / /
 =========|_|==============|___/=/_/_/_/

 :: Spring Boot ::                (v3.3.5)

2024-10-25T11:37:28.432+02:00  INFO 58467 --- [rentakar] [           main] c.R.rentakar.RentakarApplicationTests    : Starting RentakarApplicationTests using Java 18.0.2 with PID 58467 (started by rodolphe-delory in /home/rodolphe-delory/rentakar)
2024-10-25T11:37:28.433+02:00  INFO 58467 --- [rentakar] [           main] c.R.rentakar.RentakarApplicationTests    : No active profile set, falling back to 1 default profile: "default"
2024-10-25T11:37:29.289+02:00  INFO 58467 --- [rentakar] [           main] c.R.rentakar.RentakarApplicationTests    : Started RentakarApplicationTests in 1.031 seconds (process running for 1.663)
]]></system-out>
  </testcase>
</testsuite>